<?xml version="1.0" encoding="UTF-8"?>
<!-- Generated by org.testng.reporters.JUnitReportReporter -->
<testsuite skipped="1" hostname="RF-22YRXC2" name="ibankweb.ibankwebapp.femaleemployeeregister" tests="1" failures="0" timestamp="04 Oct 2022 17:51:16 GMT" time="0.000" errors="0">
  <testcase name="webapplogin" time="0.000" classname="ibankweb.ibankwebapp.femaleemployeeregister">
    <skipped/>
  </testcase> <!-- webapplogin -->
</testsuite> <!-- ibankweb.ibankwebapp.femaleemployeeregister -->
